0 info it worked if it ends with ok
1 verbose cli [ '/nix/store/ajr6i77s89gjfjm59aazc16b5rvb39n7-nodejs-4.3.1/bin/node',
1 verbose cli   '/mnt/shared/sbin/npm',
1 verbose cli   'install',
1 verbose cli   '-g',
1 verbose cli   'elm-live' ]
2 info using npm@2.14.12
3 info using node@v4.3.1
4 verbose install initial load of /nix/store/ajr6i77s89gjfjm59aazc16b5rvb39n7-nodejs-4.3.1/lib/package.json
5 verbose readDependencies loading dependencies from /nix/store/ajr6i77s89gjfjm59aazc16b5rvb39n7-nodejs-4.3.1/lib/package.json
6 silly cache add args [ 'elm-live', null ]
7 verbose cache add spec elm-live
8 silly cache add parsed spec Result {
8 silly cache add   raw: 'elm-live',
8 silly cache add   scope: null,
8 silly cache add   name: 'elm-live',
8 silly cache add   rawSpec: '',
8 silly cache add   spec: 'latest',
8 silly cache add   type: 'tag' }
9 silly addNamed elm-live@latest
10 verbose addNamed "latest" is being treated as a dist-tag for elm-live
11 info addNameTag [ 'elm-live', 'latest' ]
12 silly mapToRegistry name elm-live
13 silly mapToRegistry using default registry
14 silly mapToRegistry registry https://registry.npmjs.org/
15 silly mapToRegistry uri https://registry.npmjs.org/elm-live
16 verbose addNameTag registry:https://registry.npmjs.org/elm-live not in flight; fetching
17 verbose request uri https://registry.npmjs.org/elm-live
18 verbose request no auth needed
19 info attempt registry request try #1 at 07:26:56
20 verbose request id 5bb7df340ba112fa
21 verbose etag W/"58763e91-e120"
22 verbose lastModified Wed, 11 Jan 2017 14:17:53 GMT
23 http request GET https://registry.npmjs.org/elm-live
24 http 304 https://registry.npmjs.org/elm-live
25 verbose headers { date: 'Wed, 25 Jan 2017 07:26:56 GMT',
25 verbose headers   via: '1.1 varnish',
25 verbose headers   'cache-control': 'max-age=300',
25 verbose headers   etag: 'W/"58763e91-e120"',
25 verbose headers   age: '0',
25 verbose headers   connection: 'keep-alive',
25 verbose headers   'x-served-by': 'cache-lcy1136-LCY',
25 verbose headers   'x-cache': 'MISS',
25 verbose headers   'x-cache-hits': '0',
25 verbose headers   'x-timer': 'S1485329216.956234,VS0,VE19',
25 verbose headers   vary: 'Accept-Encoding' }
26 silly get cb [ 304,
26 silly get   { date: 'Wed, 25 Jan 2017 07:26:56 GMT',
26 silly get     via: '1.1 varnish',
26 silly get     'cache-control': 'max-age=300',
26 silly get     etag: 'W/"58763e91-e120"',
26 silly get     age: '0',
26 silly get     connection: 'keep-alive',
26 silly get     'x-served-by': 'cache-lcy1136-LCY',
26 silly get     'x-cache': 'MISS',
26 silly get     'x-cache-hits': '0',
26 silly get     'x-timer': 'S1485329216.956234,VS0,VE19',
26 silly get     vary: 'Accept-Encoding' } ]
27 verbose etag https://registry.npmjs.org/elm-live from cache
28 verbose get saving elm-live to /home/ubuntu/.npm/registry.npmjs.org/elm-live/.cache.json
29 silly addNameTag next cb for elm-live with tag latest
30 verbose stack Error: No compatible version found: elm-live@'latest'
30 verbose stack Valid install targets:
30 verbose stack ["0.0.0-work-in-progress","1.0.0","1.0.1","1.0.2","1.0.3","1.0.4","2.0.0","2.0.1","2.0.2","2.0.3","2.0.4","2.0.5","2.0.6","2.1.0","2.2.0","2.2.1","2.3.0","2.4.0","2.4.1","2.5.0","2.5.1","2.6.0","2.6.1","2.6.2","2.7.0","2.7.1","2.7.2"]
30 verbose stack
30 verbose stack     at installTargetsError (/nix/store/ajr6i77s89gjfjm59aazc16b5rvb39n7-nodejs-4.3.1/lib/node_modules/npm/lib/cache/add-named.js:284:12)
30 verbose stack     at next (/nix/store/ajr6i77s89gjfjm59aazc16b5rvb39n7-nodejs-4.3.1/lib/node_modules/npm/lib/cache/add-named.js:94:10)
30 verbose stack     at RES (/nix/store/ajr6i77s89gjfjm59aazc16b5rvb39n7-nodejs-4.3.1/lib/node_modules/npm/node_modules/inflight/inflight.js:23:14)
30 verbose stack     at f (/nix/store/ajr6i77s89gjfjm59aazc16b5rvb39n7-nodejs-4.3.1/lib/node_modules/npm/node_modules/once/once.js:17:25)
30 verbose stack     at fixName (/nix/store/ajr6i77s89gjfjm59aazc16b5rvb39n7-nodejs-4.3.1/lib/node_modules/npm/lib/cache/add-named.js:29:5)
30 verbose stack     at saved (/nix/store/ajr6i77s89gjfjm59aazc16b5rvb39n7-nodejs-4.3.1/lib/node_modules/npm/lib/cache/caching-client.js:173:7)
30 verbose stack     at /nix/store/ajr6i77s89gjfjm59aazc16b5rvb39n7-nodejs-4.3.1/lib/node_modules/npm/node_modules/graceful-fs/polyfills.js:210:7
30 verbose stack     at FSReqWrap.oncomplete (fs.js:82:15)
31 verbose cwd /home/ubuntu/workspace/ar-project/web/client
32 error Linux 4.2.0-c9
33 error argv "/nix/store/ajr6i77s89gjfjm59aazc16b5rvb39n7-nodejs-4.3.1/bin/node" "/mnt/shared/sbin/npm" "install" "-g" "elm-live"
34 error node v4.3.1
35 error npm  v2.14.12
36 error code ETARGET
37 error notarget No compatible version found: elm-live@'latest'
37 error notarget Valid install targets:
37 error notarget ["0.0.0-work-in-progress","1.0.0","1.0.1","1.0.2","1.0.3","1.0.4","2.0.0","2.0.1","2.0.2","2.0.3","2.0.4","2.0.5","2.0.6","2.1.0","2.2.0","2.2.1","2.3.0","2.4.0","2.4.1","2.5.0","2.5.1","2.6.0","2.6.1","2.6.2","2.7.0","2.7.1","2.7.2"]
37 error notarget
37 error notarget This is most likely not a problem with npm itself.
37 error notarget In most cases you or one of your dependencies are requesting
37 error notarget a package version that doesn't exist.
38 verbose exit [ 1, true ]
